2020-08-15 07:47:23,844:844.676971436 - ubuntu_sso.utils.translation - WARNING - Translations not found, using null translator.
2020-08-15 07:47:24,033:33.8990688324 - ubuntu_sso.main - INFO - Setting up Ubuntu SSO service.
2020-08-15 07:47:24,160:160.696983337 - ubuntu_sso.main - INFO - Ubuntu SSO service started.
2020-08-15 07:47:24,160:160.993099213 - ubuntu_sso.account - INFO - Creating a new SSO access layer for service url u'https://login.ubuntu.com/api/1.0/'
2020-08-15 07:47:24,177:177.444934845 - ubuntu_sso.credentials - INFO - find_credentials: self.app_name dbus.String(u'Ubuntu One'), result is {}? True
2020-08-15 07:47:24,177:177.817106247 - ubuntu_sso.main - INFO - 'CredentialsManagement': emitting 'CredentialsNotFound' with args (dbus.String(u'Ubuntu One'),) and kwargs {}
2020-08-15 07:47:34,214:214.509963989 - ubuntu_sso.main - INFO - Shutting down, calling <function shutdown_func at 0xb6bcf064>.
2020-08-16 05:20:43,540:540.56596756 - ubuntu_sso.utils.translation - WARNING - Translations not found, using null translator.
2020-08-16 05:20:43,776:776.170969009 - ubuntu_sso.main - INFO - Setting up Ubuntu SSO service.
2020-08-16 05:20:44,092:92.5590991974 - ubuntu_sso.main - INFO - Ubuntu SSO service started.
2020-08-16 05:20:44,092:92.9589271545 - ubuntu_sso.account - INFO - Creating a new SSO access layer for service url u'https://login.ubuntu.com/api/1.0/'
2020-08-16 05:20:44,132:132.474899292 - ubuntu_sso.credentials - INFO - find_credentials: self.app_name dbus.String(u'Ubuntu Software Center'), result is {}? True
2020-08-16 05:20:44,132:132.870912552 - ubuntu_sso.main - INFO - 'CredentialsManagement': emitting 'CredentialsNotFound' with args (dbus.String(u'Ubuntu Software Center'),) and kwargs {}
2020-08-16 05:20:54,160:160.439968109 - ubuntu_sso.main - INFO - Shutting down, calling <function shutdown_func at 0xb6bf8ca4>.
2020-08-16 05:25:44,340:340.079069138 - ubuntu_sso.utils.translation - WARNING - Translations not found, using null translator.
2020-08-16 05:25:44,360:360.884904861 - ubuntu_sso.main - INFO - Setting up Ubuntu SSO service.
2020-08-16 05:25:44,366:366.734981537 - ubuntu_sso.main - INFO - Ubuntu SSO service started.
2020-08-16 05:25:44,367:367.06495285 - ubuntu_sso.account - INFO - Creating a new SSO access layer for service url u'https://login.ubuntu.com/api/1.0/'
2020-08-16 05:25:44,377:377.903938293 - ubuntu_sso.credentials - INFO - find_credentials: self.app_name dbus.String(u'Ubuntu Software Center'), result is {}? True
2020-08-16 05:25:44,378:378.278017044 - ubuntu_sso.main - INFO - 'CredentialsManagement': emitting 'CredentialsNotFound' with args (dbus.String(u'Ubuntu Software Center'),) and kwargs {}
2020-08-16 05:25:54,388:388.072013855 - ubuntu_sso.main - INFO - Shutting down, calling <function shutdown_func at 0xb6c58ca4>.
2020-08-16 06:08:42,341:341.351985931 - ubuntu_sso.utils.translation - WARNING - Translations not found, using null translator.
2020-08-16 06:08:42,362:362.234115601 - ubuntu_sso.main - INFO - Setting up Ubuntu SSO service.
2020-08-16 06:08:42,369:369.723081589 - ubuntu_sso.main - INFO - Ubuntu SSO service started.
2020-08-16 06:08:42,369:369.950056076 - ubuntu_sso.account - INFO - Creating a new SSO access layer for service url u'https://login.ubuntu.com/api/1.0/'
2020-08-16 06:08:42,378:378.562927246 - ubuntu_sso.credentials - INFO - find_credentials: self.app_name dbus.String(u'Ubuntu Software Center'), result is {}? True
2020-08-16 06:08:42,378:378.884077072 - ubuntu_sso.main - INFO - 'CredentialsManagement': emitting 'CredentialsNotFound' with args (dbus.String(u'Ubuntu Software Center'),) and kwargs {}
2020-08-16 06:08:52,388:388.583898544 - ubuntu_sso.main - INFO - Shutting down, calling <function shutdown_func at 0xb6c01ca4>.
2020-08-19 14:26:51,270:270.99108696 - ubuntu_sso.utils.translation - WARNING - Translations not found, using null translator.
2020-08-19 14:26:51,529:529.176950455 - ubuntu_sso.main - INFO - Setting up Ubuntu SSO service.
2020-08-19 14:26:51,696:696.551084518 - ubuntu_sso.main - INFO - Ubuntu SSO service started.
2020-08-19 14:26:51,696:696.880102158 - ubuntu_sso.account - INFO - Creating a new SSO access layer for service url u'https://login.ubuntu.com/api/1.0/'
2020-08-19 14:26:51,730:730.465888977 - ubuntu_sso.credentials - INFO - find_credentials: self.app_name dbus.String(u'Ubuntu One'), result is {}? True
2020-08-19 14:26:51,730:730.931043625 - ubuntu_sso.main - INFO - 'CredentialsManagement': emitting 'CredentialsNotFound' with args (dbus.String(u'Ubuntu One'),) and kwargs {}
2020-08-19 14:27:01,069:69.8349475861 - ubuntu_sso.credentials - INFO - find_credentials: self.app_name dbus.String(u'Ubuntu One'), result is {}? True
2020-08-19 14:27:01,070:70.1410770416 - ubuntu_sso.main - INFO - 'CredentialsManagement': emitting 'CredentialsNotFound' with args (dbus.String(u'Ubuntu One'),) and kwargs {}
2020-08-19 14:27:01,748:748.419046402 - ubuntu_sso.main - INFO - Shutting down, calling <function shutdown_func at 0xb6c58c6c>.
2020-08-19 14:58:39,019:19.9339389801 - ubuntu_sso.utils.translation - WARNING - Translations not found, using null translator.
2020-08-19 14:58:39,041:41.3448810577 - ubuntu_sso.main - INFO - Setting up Ubuntu SSO service.
2020-08-19 14:58:39,047:47.3489761353 - ubuntu_sso.main - INFO - Ubuntu SSO service started.
2020-08-19 14:58:39,047:47.6360321045 - ubuntu_sso.account - INFO - Creating a new SSO access layer for service url u'https://login.ubuntu.com/api/1.0/'
2020-08-19 14:58:39,053:53.6410808563 - ubuntu_sso.credentials - INFO - find_credentials: self.app_name dbus.String(u'Ubuntu Software Center'), result is {}? True
2020-08-19 14:58:39,053:53.9839267731 - ubuntu_sso.main - INFO - 'CredentialsManagement': emitting 'CredentialsNotFound' with args (dbus.String(u'Ubuntu Software Center'),) and kwargs {}
2020-08-19 14:58:49,063:63.8289451599 - ubuntu_sso.main - INFO - Shutting down, calling <function shutdown_func at 0xb6c15c6c>.
2020-08-19 15:03:39,003:3.78704071045 - ubuntu_sso.utils.translation - WARNING - Translations not found, using null translator.
2020-08-19 15:03:39,021:21.6488838196 - ubuntu_sso.main - INFO - Setting up Ubuntu SSO service.
2020-08-19 15:03:39,028:28.3930301666 - ubuntu_sso.main - INFO - Ubuntu SSO service started.
2020-08-19 15:03:39,028:28.7840366364 - ubuntu_sso.account - INFO - Creating a new SSO access layer for service url u'https://login.ubuntu.com/api/1.0/'
2020-08-19 15:03:39,039:39.2410755157 - ubuntu_sso.credentials - INFO - find_credentials: self.app_name dbus.String(u'Ubuntu Software Center'), result is {}? True
2020-08-19 15:03:39,039:39.5829677582 - ubuntu_sso.main - INFO - 'CredentialsManagement': emitting 'CredentialsNotFound' with args (dbus.String(u'Ubuntu Software Center'),) and kwargs {}
2020-08-19 15:03:49,045:45.4170703888 - ubuntu_sso.main - INFO - Shutting down, calling <function shutdown_func at 0xb6c21c6c>.
2020-08-19 15:22:39,670:670.129060745 - ubuntu_sso.utils.translation - WARNING - Translations not found, using null translator.
2020-08-19 15:22:39,690:690.217971802 - ubuntu_sso.main - INFO - Setting up Ubuntu SSO service.
2020-08-19 15:22:39,696:696.670055389 - ubuntu_sso.main - INFO - Ubuntu SSO service started.
2020-08-19 15:22:39,696:696.892023087 - ubuntu_sso.account - INFO - Creating a new SSO access layer for service url u'https://login.ubuntu.com/api/1.0/'
2020-08-19 15:22:39,711:711.507081985 - ubuntu_sso.credentials - INFO - find_credentials: self.app_name dbus.String(u'Ubuntu One'), result is {}? True
2020-08-19 15:22:39,712:712.115049362 - ubuntu_sso.main - INFO - 'CredentialsManagement': emitting 'CredentialsNotFound' with args (dbus.String(u'Ubuntu One'),) and kwargs {}
2020-08-19 15:22:44,118:118.948936462 - ubuntu_sso.credentials - INFO - find_credentials: self.app_name dbus.String(u'Ubuntu One'), result is {}? True
2020-08-19 15:22:44,119:119.339942932 - ubuntu_sso.main - INFO - 'CredentialsManagement': emitting 'CredentialsNotFound' with args (dbus.String(u'Ubuntu One'),) and kwargs {}
2020-08-19 15:22:49,717:717.694997787 - ubuntu_sso.main - INFO - Shutting down, calling <function shutdown_func at 0xb6bf3c6c>.
2020-08-19 15:28:38,004:4.4379234314 - ubuntu_sso.utils.translation - WARNING - Translations not found, using null translator.
2020-08-19 15:28:38,022:22.5059986115 - ubuntu_sso.main - INFO - Setting up Ubuntu SSO service.
2020-08-19 15:28:38,028:28.7880897522 - ubuntu_sso.main - INFO - Ubuntu SSO service started.
2020-08-19 15:28:38,029:29.1080474854 - ubuntu_sso.account - INFO - Creating a new SSO access layer for service url u'https://login.ubuntu.com/api/1.0/'
2020-08-19 15:28:38,038:38.9161109924 - ubuntu_sso.credentials - INFO - find_credentials: self.app_name dbus.String(u'Ubuntu Software Center'), result is {}? True
2020-08-19 15:28:38,039:39.2370223999 - ubuntu_sso.main - INFO - 'CredentialsManagement': emitting 'CredentialsNotFound' with args (dbus.String(u'Ubuntu Software Center'),) and kwargs {}
2020-08-19 15:28:48,048:48.9480495453 - ubuntu_sso.main - INFO - Shutting down, calling <function shutdown_func at 0xb6c73c6c>.
2020-08-19 15:33:38,105:105.698108673 - ubuntu_sso.utils.translation - WARNING - Translations not found, using null translator.
2020-08-19 15:33:38,169:169.964075089 - ubuntu_sso.main - INFO - Setting up Ubuntu SSO service.
2020-08-19 15:33:38,178:178.241014481 - ubuntu_sso.main - INFO - Ubuntu SSO service started.
2020-08-19 15:33:38,178:178.564071655 - ubuntu_sso.account - INFO - Creating a new SSO access layer for service url u'https://login.ubuntu.com/api/1.0/'
2020-08-19 15:33:38,186:186.511039734 - ubuntu_sso.credentials - INFO - find_credentials: self.app_name dbus.String(u'Ubuntu Software Center'), result is {}? True
2020-08-19 15:33:38,186:186.804056168 - ubuntu_sso.main - INFO - 'CredentialsManagement': emitting 'CredentialsNotFound' with args (dbus.String(u'Ubuntu Software Center'),) and kwargs {}
2020-08-19 15:33:48,194:194.245100021 - ubuntu_sso.main - INFO - Shutting down, calling <function shutdown_func at 0xb6c5dc6c>.
2020-08-19 16:04:39,159:159.476995468 - ubuntu_sso.utils.translation - WARNING - Translations not found, using null translator.
2020-08-19 16:04:39,271:271.321058273 - ubuntu_sso.main - INFO - Setting up Ubuntu SSO service.
2020-08-19 16:04:39,329:329.932928085 - ubuntu_sso.main - INFO - Ubuntu SSO service started.
2020-08-19 16:04:39,330:330.672025681 - ubuntu_sso.account - INFO - Creating a new SSO access layer for service url u'https://login.ubuntu.com/api/1.0/'
2020-08-19 16:04:39,336:336.672067642 - ubuntu_sso.credentials - INFO - find_credentials: self.app_name dbus.String(u'Ubuntu Software Center'), result is {}? True
2020-08-19 16:04:39,336:336.952924728 - ubuntu_sso.main - INFO - 'CredentialsManagement': emitting 'CredentialsNotFound' with args (dbus.String(u'Ubuntu Software Center'),) and kwargs {}
2020-08-19 16:04:49,346:346.539020538 - ubuntu_sso.main - INFO - Shutting down, calling <function shutdown_func at 0xb6bcdc6c>.
2020-08-19 16:09:40,082:82.9589366913 - ubuntu_sso.utils.translation - WARNING - Translations not found, using null translator.
2020-08-19 16:09:40,109:109.374046326 - ubuntu_sso.main - INFO - Setting up Ubuntu SSO service.
2020-08-19 16:09:40,114:114.865064621 - ubuntu_sso.main - INFO - Ubuntu SSO service started.
2020-08-19 16:09:40,115:115.108013153 - ubuntu_sso.account - INFO - Creating a new SSO access layer for service url u'https://login.ubuntu.com/api/1.0/'
2020-08-19 16:09:40,122:122.662067413 - ubuntu_sso.credentials - INFO - find_credentials: self.app_name dbus.String(u'Ubuntu Software Center'), result is {}? True
2020-08-19 16:09:40,122:122.956037521 - ubuntu_sso.main - INFO - 'CredentialsManagement': emitting 'CredentialsNotFound' with args (dbus.String(u'Ubuntu Software Center'),) and kwargs {}
2020-08-19 16:09:50,132:132.49707222 - ubuntu_sso.main - INFO - Shutting down, calling <function shutdown_func at 0xb6c40c6c>.
